<?xml version="1.0" encoding="UTF-8"?>
<testng-results skipped="0" failed="1" ignored="0" total="1" passed="0">
  <reporter-output>
  </reporter-output>
  <suite name="Default suite" duration-ms="34981" started-at="2019-04-21T13:43:35Z" finished-at="2019-04-21T13:44:10Z">
    <groups>
    </groups>
    <test name="Default test" duration-ms="34981" started-at="2019-04-21T13:43:35Z" finished-at="2019-04-21T13:44:10Z">
      <class name="com.Callhub.qa.TestCases.BuyIphoneTC">
        <test-method status="PASS" signature="setUp()[pri:0, instance:com.Callhub.qa.TestCases.BuyIphoneTC@4883b407]" name="setUp" is-config="true" duration-ms="14582" started-at="2019-04-21T19:13:35Z" finished-at="2019-04-21T19:13:50Z">
          <reporter-output>
          </reporter-output>
        </test-method> <!-- setUp -->
        <test-method status="FAIL" signature="Gotocart()[pri:0, instance:com.Callhub.qa.TestCases.BuyIphoneTC@4883b407]" name="Gotocart" duration-ms="19348" started-at="2019-04-21T19:13:50Z" finished-at="2019-04-21T19:14:09Z">
          <exception class="java.lang.NullPointerException">
            <full-stacktrace>
              <![CDATA[java.lang.NullPointerException
	at sun.reflect.NativeMethodAccessorImpl.invoke0(Native Method)
	at sun.reflect.NativeMethodAccessorImpl.invoke(Unknown Source)
	at sun.reflect.DelegatingMethodAccessorImpl.invoke(Unknown Source)
	at java.lang.reflect.Method.invoke(Unknown Source)
	at org.openqa.selenium.support.pagefactory.internal.LocatingElementHandler.invoke(LocatingElementHandler.java:51)
	at com.sun.proxy.$Proxy9.click(Unknown Source)
	at com.Callhub.qa.pages.BuyIPhonepage.ClickGotocart(BuyIPhonepage.java:25)
	at com.Callhub.qa.TestCases.BuyIphoneTC.Gotocart(BuyIphoneTC.java:39)
	at sun.reflect.NativeMethodAccessorImpl.invoke0(Native Method)
	at sun.reflect.NativeMethodAccessorImpl.invoke(Unknown Source)
	at sun.reflect.DelegatingMethodAccessorImpl.invoke(Unknown Source)
	at java.lang.reflect.Method.invoke(Unknown Source)
	at org.testng.internal.MethodInvocationHelper.invokeMethod(MethodInvocationHelper.java:104)
	at org.testng.internal.Invoker.invokeMethod(Invoker.java:645)
	at org.testng.internal.Invoker.invokeTestMethod(Invoker.java:851)
	at org.testng.internal.Invoker.invokeTestMethods(Invoker.java:1177)
	at org.testng.internal.TestMethodWorker.invokeTestMethods(TestMethodWorker.java:129)
	at org.testng.internal.TestMethodWorker.run(TestMethodWorker.java:112)
	at org.testng.TestRunner.privateRun(TestRunner.java:756)
	at org.testng.TestRunner.run(TestRunner.java:610)
	at org.testng.SuiteRunner.runTest(SuiteRunner.java:387)
	at org.testng.SuiteRunner.runSequentially(SuiteRunner.java:382)
	at org.testng.SuiteRunner.privateRun(SuiteRunner.java:340)
	at org.testng.SuiteRunner.run(SuiteRunner.java:289)
	at org.testng.SuiteRunnerWorker.runSuite(SuiteRunnerWorker.java:52)
	at org.testng.SuiteRunnerWorker.run(SuiteRunnerWorker.java:86)
	at org.testng.TestNG.runSuitesSequentially(TestNG.java:1293)
	at org.testng.TestNG.runSuitesLocally(TestNG.java:1218)
	at org.testng.TestNG.runSuites(TestNG.java:1133)
	at org.testng.TestNG.run(TestNG.java:1104)
	at org.testng.remote.AbstractRemoteTestNG.run(AbstractRemoteTestNG.java:132)
	at org.testng.remote.RemoteTestNG.initAndRun(RemoteTestNG.java:236)
	at org.testng.remote.RemoteTestNG.main(RemoteTestNG.java:81)
]]>
            </full-stacktrace>
          </exception> <!-- java.lang.NullPointerException -->
          <reporter-output>
          </reporter-output>
        </test-method> <!-- Gotocart -->
        <test-method status="PASS" signature="tearDown()[pri:0, instance:com.Callhub.qa.TestCases.BuyIphoneTC@4883b407]" name="tearDown" is-config="true" duration-ms="778" started-at="2019-04-21T19:14:09Z" finished-at="2019-04-21T19:14:10Z">
          <reporter-output>
          </reporter-output>
        </test-method> <!-- tearDown -->
      </class> <!-- com.Callhub.qa.TestCases.BuyIphoneTC -->
    </test> <!-- Default test -->
  </suite> <!-- Default suite -->
</testng-results>
